Arguments: 
  /usr/local/Cellar/node/15.4.0/bin/node /usr/local/bin/yarn create react-app client

PATH: 
  /Users/lisa/.rvm/gems/ruby-2.6.3/bin:/Users/lisa/.rvm/gems/ruby-2.6.3@global/bin:/Users/lisa/.rvm/rubies/ruby-2.6.3/bin:/Users/lisa/bin:/usr/local/bin:/usr/local/bin:/usr/bin:/bin:/usr/sbin:/sbin:/Library/Apple/usr/bin:/Users/lisa/.rvm/gems/ruby-2.6.3/bin:/Users/lisa/.rvm/gems/ruby-2.6.3@global/bin:/Users/lisa/.rvm/rubies/ruby-2.6.3/bin:/Users/lisa/bin:/usr/bin/python3:/Users/lisa/.rvm/bin:/usr/bin/python3

Yarn version: 
  1.22.10

Node version: 
  15.4.0

Platform: 
  darwin x64

Trace: 
  SyntaxError: /Users/lisa/Desktop/Projects/Week11-12/Recipy/package.json: Unexpected token p in JSON at position 1
      at JSON.parse (<anonymous>)
      at /usr/local/lib/node_modules/yarn/lib/cli.js:1625:59
      at Generator.next (<anonymous>)
      at step (/usr/local/lib/node_modules/yarn/lib/cli.js:310:30)
      at /usr/local/lib/node_modules/yarn/lib/cli.js:321:13

npm manifest: 
  npx create-react-app my-app{
    "name": "recipy",
    "version": "1.0.0",
    "description": "## Spec",
    "main": "index.js",
    "scripts": {
      "test": "echo \"Error: no test specified\" && exit 1"
    },
    "repository": {
      "type": "git",
      "url": "git+https://github.com/AJSMonty/Recipy.git"
    },
    "keywords": [],
    "author": "team",
    "license": "ISC",
    "bugs": {
      "url": "https://github.com/AJSMonty/Recipy/issues"
    },
    "homepage": "https://github.com/AJSMonty/Recipy#readme",
    "dependencies": {},
    "devDependencies": {}
  }

yarn manifest: 
  No manifest

Lockfile: 
  # THIS IS AN AUTOGENERATED FILE. DO NOT EDIT THIS FILE DIRECTLY.
  # yarn lockfile v1
